
13. Printing statistics.

=== Comb ===

        +----------Local Count, excluding submodules.
        |        +-Local Area, excluding submodules.
        |        | 
      178        - wires
      223        - wire bits
        7        - public wires
       52        - public wire bits
        6        - ports
       44        - port bits
      187 1.22E+03 cells
        1    8.758   sky130_fd_sc_hd__a2111oi_0
        5   37.536   sky130_fd_sc_hd__a211oi_1
        1    7.507   sky130_fd_sc_hd__a21boi_0
        6   45.043   sky130_fd_sc_hd__a21o_1
       15   75.072   sky130_fd_sc_hd__a21oi_1
        2   15.014   sky130_fd_sc_hd__a22oi_1
        2   12.512   sky130_fd_sc_hd__a31oi_1
        6   37.536   sky130_fd_sc_hd__and2_0
        4   25.024   sky130_fd_sc_hd__and3_1
        1    10.01   sky130_fd_sc_hd__and4b_1
        3   11.261   sky130_fd_sc_hd__clkinv_1
        4   25.024   sky130_fd_sc_hd__lpflow_inputiso1p_1
        2   12.512   sky130_fd_sc_hd__lpflow_isobufsrc_1
        1    10.01   sky130_fd_sc_hd__maj3_1
        2   22.522   sky130_fd_sc_hd__mux2_1
        6   60.058   sky130_fd_sc_hd__mux2i_1
       25    93.84   sky130_fd_sc_hd__nand2_1
        1    6.256   sky130_fd_sc_hd__nand2b_1
        7   35.034   sky130_fd_sc_hd__nand3_1
        1    7.507   sky130_fd_sc_hd__nand3b_1
        7   26.275   sky130_fd_sc_hd__nor2_1
        1    6.256   sky130_fd_sc_hd__nor2b_1
        1    5.005   sky130_fd_sc_hd__nor3_1
        2   15.014   sky130_fd_sc_hd__nor3b_1
        1    8.758   sky130_fd_sc_hd__nor4b_1
        1    8.758   sky130_fd_sc_hd__o2111ai_1
        4   30.029   sky130_fd_sc_hd__o211ai_1
        4   30.029   sky130_fd_sc_hd__o21a_1
       20  100.096   sky130_fd_sc_hd__o21ai_0
        1    10.01   sky130_fd_sc_hd__o21ba_1
        1    8.758   sky130_fd_sc_hd__o22a_1
        1    6.256   sky130_fd_sc_hd__o22ai_1
        1    8.758   sky130_fd_sc_hd__o2bb2ai_1
        1    8.758   sky130_fd_sc_hd__o31a_1
        1    7.507   sky130_fd_sc_hd__o31ai_1
        2   17.517   sky130_fd_sc_hd__o32ai_1
        4   25.024   sky130_fd_sc_hd__or3_1
       22  192.685   sky130_fd_sc_hd__xnor2_1
       17  148.893   sky130_fd_sc_hd__xor2_1

   Chip area for module '\Comb': 1222.422400
     of which used for sequential elements: 0.000000 (0.00%)

